<?xml version="1.0" encoding="UTF-8"?>
<testng-results ignored="0" total="0" passed="0" failed="0" skipped="0">
  <reporter-output>
  </reporter-output>
  <suite started-at="2022-05-16T19:12:30 EDT" name="Regression" finished-at="2022-05-16T19:12:30 EDT" duration-ms="21">
    <groups>
    </groups>
    <test started-at="2022-05-16T19:12:30 EDT" name="Amazon" finished-at="2022-05-16T19:12:30 EDT" duration-ms="21">
    </test> <!-- Amazon -->
  </suite> <!-- Regression -->
</testng-results>
